CRITICAL - 2024-12-05 07:14:31 --> Error: Call to a member function findByEmail() on null
[Method: POST, Route: api/login]
in APPPATH\Controllers\API\AuthController.php on line 48.
 1 SYSTEMPATH\CodeIgniter.php(933): App\Controllers\Api\AuthController->login()
 2 SYSTEMPATH\CodeIgniter.php(509): CodeIgniter\CodeIgniter->runController(Object(App\Controllers\Api\AuthController))
 3 SYSTEMPATH\CodeIgniter.php(355): CodeIgniter\CodeIgniter->handleRequest(null, Object(Config\Cache), false)
 4 SYSTEMPATH\Boot.php(325): CodeIgniter\CodeIgniter->run()
 5 SYSTEMPATH\Boot.php(67): CodeIgniter\Boot::runCodeIgniter(Object(CodeIgniter\CodeIgniter))
 6 FCPATH\index.php(56): CodeIgniter\Boot::bootWeb(Object(Config\Paths))
CRITICAL - 2024-12-05 07:15:26 --> BadMethodCallException: Call to undefined method App\Models\UserModel::findByEmail
[Method: POST, Route: api/login]
in SYSTEMPATH\Model.php on line 932.
 1 APPPATH\Controllers\API\AuthController.php(50): CodeIgniter\Model->__call('findByEmail', [...])
 2 SYSTEMPATH\CodeIgniter.php(933): App\Controllers\Api\AuthController->login()
 3 SYSTEMPATH\CodeIgniter.php(509): CodeIgniter\CodeIgniter->runController(Object(App\Controllers\Api\AuthController))
 4 SYSTEMPATH\CodeIgniter.php(355): CodeIgniter\CodeIgniter->handleRequest(null, Object(Config\Cache), false)
 5 SYSTEMPATH\Boot.php(325): CodeIgniter\CodeIgniter->run()
 6 SYSTEMPATH\Boot.php(67): CodeIgniter\Boot::runCodeIgniter(Object(CodeIgniter\CodeIgniter))
 7 FCPATH\index.php(56): CodeIgniter\Boot::bootWeb(Object(Config\Paths))
CRITICAL - 2024-12-05 07:25:23 --> TypeError: Cannot access offset of type string on string
[Method: POST, Route: api/login]
in APPPATH\Controllers\API\AuthController.php on line 62.
 1 [internal function]: App\Controllers\Api\AuthController->App\Controllers\Api\{closure}('1')
 2 APPPATH\Controllers\API\AuthController.php(60): array_map(Object(Closure), [...])
 3 SYSTEMPATH\CodeIgniter.php(933): App\Controllers\Api\AuthController->login()
 4 SYSTEMPATH\CodeIgniter.php(509): CodeIgniter\CodeIgniter->runController(Object(App\Controllers\Api\AuthController))
 5 SYSTEMPATH\CodeIgniter.php(355): CodeIgniter\CodeIgniter->handleRequest(null, Object(Config\Cache), false)
 6 SYSTEMPATH\Boot.php(325): CodeIgniter\CodeIgniter->run()
 7 SYSTEMPATH\Boot.php(67): CodeIgniter\Boot::runCodeIgniter(Object(CodeIgniter\CodeIgniter))
 8 FCPATH\index.php(56): CodeIgniter\Boot::bootWeb(Object(Config\Paths))
CRITICAL - 2024-12-05 07:28:13 --> ErrorException: Array to string conversion
[Method: POST, Route: api/login]
in APPPATH\Controllers\API\AuthController.php on line 52.
 1 APPPATH\Controllers\API\AuthController.php(52): CodeIgniter\Debug\Exceptions->errorHandler(2, 'Array to string conversion', 'C:\\xampp\\htdocs\\CI4\\app\\Controllers\\API\\AuthController.php', 52)
 2 SYSTEMPATH\CodeIgniter.php(933): App\Controllers\Api\AuthController->login()
 3 SYSTEMPATH\CodeIgniter.php(509): CodeIgniter\CodeIgniter->runController(Object(App\Controllers\Api\AuthController))
 4 SYSTEMPATH\CodeIgniter.php(355): CodeIgniter\CodeIgniter->handleRequest(null, Object(Config\Cache), false)
 5 SYSTEMPATH\Boot.php(325): CodeIgniter\CodeIgniter->run()
 6 SYSTEMPATH\Boot.php(67): CodeIgniter\Boot::runCodeIgniter(Object(CodeIgniter\CodeIgniter))
 7 FCPATH\index.php(56): CodeIgniter\Boot::bootWeb(Object(Config\Paths))
CRITICAL - 2024-12-05 07:28:27 --> ErrorException: Array to string conversion
[Method: POST, Route: api/login]
in APPPATH\Controllers\API\AuthController.php on line 52.
 1 APPPATH\Controllers\API\AuthController.php(52): CodeIgniter\Debug\Exceptions->errorHandler(2, 'Array to string conversion', 'C:\\xampp\\htdocs\\CI4\\app\\Controllers\\API\\AuthController.php', 52)
 2 SYSTEMPATH\CodeIgniter.php(933): App\Controllers\Api\AuthController->login()
 3 SYSTEMPATH\CodeIgniter.php(509): CodeIgniter\CodeIgniter->runController(Object(App\Controllers\Api\AuthController))
 4 SYSTEMPATH\CodeIgniter.php(355): CodeIgniter\CodeIgniter->handleRequest(null, Object(Config\Cache), false)
 5 SYSTEMPATH\Boot.php(325): CodeIgniter\CodeIgniter->run()
 6 SYSTEMPATH\Boot.php(67): CodeIgniter\Boot::runCodeIgniter(Object(CodeIgniter\CodeIgniter))
 7 FCPATH\index.php(56): CodeIgniter\Boot::bootWeb(Object(Config\Paths))
CRITICAL - 2024-12-05 07:30:47 --> ErrorException: Undefined array key "password"
[Method: POST, Route: api/login]
in APPPATH\Controllers\API\AuthController.php on line 56.
 1 APPPATH\Controllers\API\AuthController.php(56): CodeIgniter\Debug\Exceptions->errorHandler(2, 'Undefined array key "password"', 'C:\\xampp\\htdocs\\CI4\\app\\Controllers\\API\\AuthController.php', 56)
 2 SYSTEMPATH\CodeIgniter.php(933): App\Controllers\Api\AuthController->login()
 3 SYSTEMPATH\CodeIgniter.php(509): CodeIgniter\CodeIgniter->runController(Object(App\Controllers\Api\AuthController))
 4 SYSTEMPATH\CodeIgniter.php(355): CodeIgniter\CodeIgniter->handleRequest(null, Object(Config\Cache), false)
 5 SYSTEMPATH\Boot.php(325): CodeIgniter\CodeIgniter->run()
 6 SYSTEMPATH\Boot.php(67): CodeIgniter\Boot::runCodeIgniter(Object(CodeIgniter\CodeIgniter))
 7 FCPATH\index.php(56): CodeIgniter\Boot::bootWeb(Object(Config\Paths))
CRITICAL - 2024-12-05 07:31:31 --> TypeError: Cannot access offset of type string on string
[Method: POST, Route: api/login]
in APPPATH\Controllers\API\AuthController.php on line 62.
 1 [internal function]: App\Controllers\Api\AuthController->App\Controllers\Api\{closure}('1')
 2 APPPATH\Controllers\API\AuthController.php(60): array_map(Object(Closure), [...])
 3 SYSTEMPATH\CodeIgniter.php(933): App\Controllers\Api\AuthController->login()
 4 SYSTEMPATH\CodeIgniter.php(509): CodeIgniter\CodeIgniter->runController(Object(App\Controllers\Api\AuthController))
 5 SYSTEMPATH\CodeIgniter.php(355): CodeIgniter\CodeIgniter->handleRequest(null, Object(Config\Cache), false)
 6 SYSTEMPATH\Boot.php(325): CodeIgniter\CodeIgniter->run()
 7 SYSTEMPATH\Boot.php(67): CodeIgniter\Boot::runCodeIgniter(Object(CodeIgniter\CodeIgniter))
 8 FCPATH\index.php(56): CodeIgniter\Boot::bootWeb(Object(Config\Paths))
CRITICAL - 2024-12-05 07:32:50 --> TypeError: Cannot access offset of type string on string
[Method: POST, Route: api/login]
in APPPATH\Controllers\API\AuthController.php on line 64.
 1 [internal function]: App\Controllers\Api\AuthController->App\Controllers\Api\{closure}('1')
 2 APPPATH\Controllers\API\AuthController.php(61): array_map(Object(Closure), [...])
 3 SYSTEMPATH\CodeIgniter.php(933): App\Controllers\Api\AuthController->login()
 4 SYSTEMPATH\CodeIgniter.php(509): CodeIgniter\CodeIgniter->runController(Object(App\Controllers\Api\AuthController))
 5 SYSTEMPATH\CodeIgniter.php(355): CodeIgniter\CodeIgniter->handleRequest(null, Object(Config\Cache), false)
 6 SYSTEMPATH\Boot.php(325): CodeIgniter\CodeIgniter->run()
 7 SYSTEMPATH\Boot.php(67): CodeIgniter\Boot::runCodeIgniter(Object(CodeIgniter\CodeIgniter))
 8 FCPATH\index.php(56): CodeIgniter\Boot::bootWeb(Object(Config\Paths))
CRITICAL - 2024-12-05 07:32:58 --> TypeError: Cannot access offset of type string on string
[Method: POST, Route: api/login]
in APPPATH\Controllers\API\AuthController.php on line 64.
 1 [internal function]: App\Controllers\Api\AuthController->App\Controllers\Api\{closure}('1')
 2 APPPATH\Controllers\API\AuthController.php(61): array_map(Object(Closure), [...])
 3 SYSTEMPATH\CodeIgniter.php(933): App\Controllers\Api\AuthController->login()
 4 SYSTEMPATH\CodeIgniter.php(509): CodeIgniter\CodeIgniter->runController(Object(App\Controllers\Api\AuthController))
 5 SYSTEMPATH\CodeIgniter.php(355): CodeIgniter\CodeIgniter->handleRequest(null, Object(Config\Cache), false)
 6 SYSTEMPATH\Boot.php(325): CodeIgniter\CodeIgniter->run()
 7 SYSTEMPATH\Boot.php(67): CodeIgniter\Boot::runCodeIgniter(Object(CodeIgniter\CodeIgniter))
 8 FCPATH\index.php(56): CodeIgniter\Boot::bootWeb(Object(Config\Paths))
CRITICAL - 2024-12-05 07:33:31 --> ErrorException: Undefined variable $response
[Method: POST, Route: api/login]
in APPPATH\Controllers\API\AuthController.php on line 72.
 1 APPPATH\Controllers\API\AuthController.php(72): CodeIgniter\Debug\Exceptions->errorHandler(2, 'Undefined variable $response', 'C:\\xampp\\htdocs\\CI4\\app\\Controllers\\API\\AuthController.php', 72)
 2 SYSTEMPATH\CodeIgniter.php(933): App\Controllers\Api\AuthController->login()
 3 SYSTEMPATH\CodeIgniter.php(509): CodeIgniter\CodeIgniter->runController(Object(App\Controllers\Api\AuthController))
 4 SYSTEMPATH\CodeIgniter.php(355): CodeIgniter\CodeIgniter->handleRequest(null, Object(Config\Cache), false)
 5 SYSTEMPATH\Boot.php(325): CodeIgniter\CodeIgniter->run()
 6 SYSTEMPATH\Boot.php(67): CodeIgniter\Boot::runCodeIgniter(Object(CodeIgniter\CodeIgniter))
 7 FCPATH\index.php(56): CodeIgniter\Boot::bootWeb(Object(Config\Paths))
CRITICAL - 2024-12-05 07:34:43 --> TypeError: Cannot access offset of type string on string
[Method: POST, Route: api/login]
in APPPATH\Controllers\API\AuthController.php on line 63.
 1 [internal function]: App\Controllers\Api\AuthController->App\Controllers\Api\{closure}('1')
 2 APPPATH\Controllers\API\AuthController.php(61): array_map(Object(Closure), [...])
 3 SYSTEMPATH\CodeIgniter.php(933): App\Controllers\Api\AuthController->login()
 4 SYSTEMPATH\CodeIgniter.php(509): CodeIgniter\CodeIgniter->runController(Object(App\Controllers\Api\AuthController))
 5 SYSTEMPATH\CodeIgniter.php(355): CodeIgniter\CodeIgniter->handleRequest(null, Object(Config\Cache), false)
 6 SYSTEMPATH\Boot.php(325): CodeIgniter\CodeIgniter->run()
 7 SYSTEMPATH\Boot.php(67): CodeIgniter\Boot::runCodeIgniter(Object(CodeIgniter\CodeIgniter))
 8 FCPATH\index.php(56): CodeIgniter\Boot::bootWeb(Object(Config\Paths))
CRITICAL - 2024-12-05 07:37:33 --> ErrorException: Undefined variable $product
[Method: POST, Route: api/login]
in APPPATH\Controllers\API\AuthController.php on line 65.
 1 APPPATH\Controllers\API\AuthController.php(65): CodeIgniter\Debug\Exceptions->errorHandler(2, 'Undefined variable $product', 'C:\\xampp\\htdocs\\CI4\\app\\Controllers\\API\\AuthController.php', 65)
 2 SYSTEMPATH\CodeIgniter.php(933): App\Controllers\Api\AuthController->login()
 3 SYSTEMPATH\CodeIgniter.php(509): CodeIgniter\CodeIgniter->runController(Object(App\Controllers\Api\AuthController))
 4 SYSTEMPATH\CodeIgniter.php(355): CodeIgniter\CodeIgniter->handleRequest(null, Object(Config\Cache), false)
 5 SYSTEMPATH\Boot.php(325): CodeIgniter\CodeIgniter->run()
 6 SYSTEMPATH\Boot.php(67): CodeIgniter\Boot::runCodeIgniter(Object(CodeIgniter\CodeIgniter))
 7 FCPATH\index.php(56): CodeIgniter\Boot::bootWeb(Object(Config\Paths))
CRITICAL - 2024-12-05 07:39:11 --> ErrorException: Undefined variable $payload
[Method: POST, Route: api/login]
in APPPATH\Controllers\API\AuthController.php on line 59.
 1 APPPATH\Controllers\API\AuthController.php(59): CodeIgniter\Debug\Exceptions->errorHandler(2, 'Undefined variable $payload', 'C:\\xampp\\htdocs\\CI4\\app\\Controllers\\API\\AuthController.php', 59)
 2 SYSTEMPATH\CodeIgniter.php(933): App\Controllers\Api\AuthController->login()
 3 SYSTEMPATH\CodeIgniter.php(509): CodeIgniter\CodeIgniter->runController(Object(App\Controllers\Api\AuthController))
 4 SYSTEMPATH\CodeIgniter.php(355): CodeIgniter\CodeIgniter->handleRequest(null, Object(Config\Cache), false)
 5 SYSTEMPATH\Boot.php(325): CodeIgniter\CodeIgniter->run()
 6 SYSTEMPATH\Boot.php(67): CodeIgniter\Boot::runCodeIgniter(Object(CodeIgniter\CodeIgniter))
 7 FCPATH\index.php(56): CodeIgniter\Boot::bootWeb(Object(Config\Paths))
ERROR - 2024-12-05 07:58:20 --> mysqli_sql_exception: Table 'coconut_app.users' doesn't exist in C:\xampp\htdocs\CI4\system\Database\MySQLi\Connection.php:312
Stack trace:
#0 C:\xampp\htdocs\CI4\system\Database\MySQLi\Connection.php(312): mysqli->query('SELECT 1\nFROM `...', 0)
#1 C:\xampp\htdocs\CI4\system\Database\BaseConnection.php(734): CodeIgniter\Database\MySQLi\Connection->execute('SELECT 1\nFROM `...')
#2 C:\xampp\htdocs\CI4\system\Database\BaseConnection.php(648): CodeIgniter\Database\BaseConnection->simpleQuery('SELECT 1\nFROM `...')
#3 C:\xampp\htdocs\CI4\system\Database\BaseBuilder.php(1644): CodeIgniter\Database\BaseConnection->query('SELECT 1\nFROM `...', Array, false)
#4 C:\xampp\htdocs\CI4\system\Validation\StrictRules\Rules.php(232): CodeIgniter\Database\BaseBuilder->get()
#5 C:\xampp\htdocs\CI4\system\Validation\Validation.php(339): CodeIgniter\Validation\StrictRules\Rules->is_unique('user2@gmail.com', 'email', Array, NULL, 'email')
#6 C:\xampp\htdocs\CI4\system\Validation\Validation.php(204): CodeIgniter\Validation\Validation->processRules('email', 'email', 'user2@gmail.com', Array, Array, 'email')
#7 C:\xampp\htdocs\CI4\system\Controller.php(137): CodeIgniter\Validation\Validation->run()
#8 C:\xampp\htdocs\CI4\app\Controllers\Api\UserController.php(24): CodeIgniter\Controller->validate(Array)
#9 C:\xampp\htdocs\CI4\system\CodeIgniter.php(933): App\Controllers\Api\UserController->createUser()
#10 C:\xampp\htdocs\CI4\system\CodeIgniter.php(509): CodeIgniter\CodeIgniter->runController(Object(App\Controllers\Api\UserController))
#11 C:\xampp\htdocs\CI4\system\CodeIgniter.php(355): CodeIgniter\CodeIgniter->handleRequest(NULL, Object(Config\Cache), false)
#12 C:\xampp\htdocs\CI4\system\Boot.php(325): CodeIgniter\CodeIgniter->run()
#13 C:\xampp\htdocs\CI4\system\Boot.php(67): CodeIgniter\Boot::runCodeIgniter(Object(CodeIgniter\CodeIgniter))
#14 C:\xampp\htdocs\CI4\public\index.php(56): CodeIgniter\Boot::bootWeb(Object(Config\Paths))
#15 {main}
CRITICAL - 2024-12-05 07:58:20 --> CodeIgniter\Database\Exceptions\DatabaseException: Table 'coconut_app.users' doesn't exist
[Method: POST, Route: api/user/create]
in SYSTEMPATH\Database\BaseConnection.php on line 688.
 1 SYSTEMPATH\Database\BaseBuilder.php(1644): CodeIgniter\Database\BaseConnection->query('SELECT 1
FROM `users`
WHERE `email` = :email:
 LIMIT 1', [...], false)
 2 SYSTEMPATH\Validation\StrictRules\Rules.php(232): CodeIgniter\Database\BaseBuilder->get()
 3 SYSTEMPATH\Validation\Validation.php(339): CodeIgniter\Validation\StrictRules\Rules->is_unique('user2@gmail.com', 'email', [...], null, 'email')
 4 SYSTEMPATH\Validation\Validation.php(204): CodeIgniter\Validation\Validation->processRules('email', 'email', 'user2@gmail.com', [...], [...], 'email')
 5 SYSTEMPATH\Controller.php(137): CodeIgniter\Validation\Validation->run()
 6 APPPATH\Controllers\Api\UserController.php(24): CodeIgniter\Controller->validate([...])
 7 SYSTEMPATH\CodeIgniter.php(933): App\Controllers\Api\UserController->createUser()
 8 SYSTEMPATH\CodeIgniter.php(509): CodeIgniter\CodeIgniter->runController(Object(App\Controllers\Api\UserController))
 9 SYSTEMPATH\CodeIgniter.php(355): CodeIgniter\CodeIgniter->handleRequest(null, Object(Config\Cache), false)
10 SYSTEMPATH\Boot.php(325): CodeIgniter\CodeIgniter->run()
11 SYSTEMPATH\Boot.php(67): CodeIgniter\Boot::runCodeIgniter(Object(CodeIgniter\CodeIgniter))
12 FCPATH\index.php(56): CodeIgniter\Boot::bootWeb(Object(Config\Paths))
CRITICAL - 2024-12-05 07:58:20 --> [Caused by] CodeIgniter\Database\Exceptions\DatabaseException: Table 'coconut_app.users' doesn't exist
in SYSTEMPATH\Database\MySQLi\Connection.php on line 317.
 1 SYSTEMPATH\Database\BaseConnection.php(734): CodeIgniter\Database\MySQLi\Connection->execute('SELECT 1
FROM `users`
WHERE `email` = \'user2@gmail.com\'
 LIMIT 1')
 2 SYSTEMPATH\Database\BaseConnection.php(648): CodeIgniter\Database\BaseConnection->simpleQuery('SELECT 1
FROM `users`
WHERE `email` = \'user2@gmail.com\'
 LIMIT 1')
 3 SYSTEMPATH\Database\BaseBuilder.php(1644): CodeIgniter\Database\BaseConnection->query('SELECT 1
FROM `users`
WHERE `email` = :email:
 LIMIT 1', [...], false)
 4 SYSTEMPATH\Validation\StrictRules\Rules.php(232): CodeIgniter\Database\BaseBuilder->get()
 5 SYSTEMPATH\Validation\Validation.php(339): CodeIgniter\Validation\StrictRules\Rules->is_unique('user2@gmail.com', 'email', [...], null, 'email')
 6 SYSTEMPATH\Validation\Validation.php(204): CodeIgniter\Validation\Validation->processRules('email', 'email', 'user2@gmail.com', [...], [...], 'email')
 7 SYSTEMPATH\Controller.php(137): CodeIgniter\Validation\Validation->run()
 8 APPPATH\Controllers\Api\UserController.php(24): CodeIgniter\Controller->validate([...])
 9 SYSTEMPATH\CodeIgniter.php(933): App\Controllers\Api\UserController->createUser()
10 SYSTEMPATH\CodeIgniter.php(509): CodeIgniter\CodeIgniter->runController(Object(App\Controllers\Api\UserController))
11 SYSTEMPATH\CodeIgniter.php(355): CodeIgniter\CodeIgniter->handleRequest(null, Object(Config\Cache), false)
12 SYSTEMPATH\Boot.php(325): CodeIgniter\CodeIgniter->run()
13 SYSTEMPATH\Boot.php(67): CodeIgniter\Boot::runCodeIgniter(Object(CodeIgniter\CodeIgniter))
14 FCPATH\index.php(56): CodeIgniter\Boot::bootWeb(Object(Config\Paths))
CRITICAL - 2024-12-05 07:58:20 --> [Caused by] mysqli_sql_exception: Table 'coconut_app.users' doesn't exist
in SYSTEMPATH\Database\MySQLi\Connection.php on line 312.
 1 SYSTEMPATH\Database\MySQLi\Connection.php(312): mysqli->query('SELECT 1
FROM `users`
WHERE `email` = \'user2@gmail.com\'
 LIMIT 1', 0)
 2 SYSTEMPATH\Database\BaseConnection.php(734): CodeIgniter\Database\MySQLi\Connection->execute('SELECT 1
FROM `users`
WHERE `email` = \'user2@gmail.com\'
 LIMIT 1')
 3 SYSTEMPATH\Database\BaseConnection.php(648): CodeIgniter\Database\BaseConnection->simpleQuery('SELECT 1
FROM `users`
WHERE `email` = \'user2@gmail.com\'
 LIMIT 1')
 4 SYSTEMPATH\Database\BaseBuilder.php(1644): CodeIgniter\Database\BaseConnection->query('SELECT 1
FROM `users`
WHERE `email` = :email:
 LIMIT 1', [...], false)
 5 SYSTEMPATH\Validation\StrictRules\Rules.php(232): CodeIgniter\Database\BaseBuilder->get()
 6 SYSTEMPATH\Validation\Validation.php(339): CodeIgniter\Validation\StrictRules\Rules->is_unique('user2@gmail.com', 'email', [...], null, 'email')
 7 SYSTEMPATH\Validation\Validation.php(204): CodeIgniter\Validation\Validation->processRules('email', 'email', 'user2@gmail.com', [...], [...], 'email')
 8 SYSTEMPATH\Controller.php(137): CodeIgniter\Validation\Validation->run()
 9 APPPATH\Controllers\Api\UserController.php(24): CodeIgniter\Controller->validate([...])
10 SYSTEMPATH\CodeIgniter.php(933): App\Controllers\Api\UserController->createUser()
11 SYSTEMPATH\CodeIgniter.php(509): CodeIgniter\CodeIgniter->runController(Object(App\Controllers\Api\UserController))
12 SYSTEMPATH\CodeIgniter.php(355): CodeIgniter\CodeIgniter->handleRequest(null, Object(Config\Cache), false)
13 SYSTEMPATH\Boot.php(325): CodeIgniter\CodeIgniter->run()
14 SYSTEMPATH\Boot.php(67): CodeIgniter\Boot::runCodeIgniter(Object(CodeIgniter\CodeIgniter))
15 FCPATH\index.php(56): CodeIgniter\Boot::bootWeb(Object(Config\Paths))
ERROR - 2024-12-05 08:00:12 --> mysqli_sql_exception: Unknown column 'created_at' in 'field list' in C:\xampp\htdocs\CI4\system\Database\MySQLi\Connection.php:312
Stack trace:
#0 C:\xampp\htdocs\CI4\system\Database\MySQLi\Connection.php(312): mysqli->query('INSERT INTO `co...', 0)
#1 C:\xampp\htdocs\CI4\system\Database\BaseConnection.php(734): CodeIgniter\Database\MySQLi\Connection->execute('INSERT INTO `co...')
#2 C:\xampp\htdocs\CI4\system\Database\BaseConnection.php(648): CodeIgniter\Database\BaseConnection->simpleQuery('INSERT INTO `co...')
#3 C:\xampp\htdocs\CI4\system\Database\BaseBuilder.php(2340): CodeIgniter\Database\BaseConnection->query('INSERT INTO `co...', Array, false)
#4 C:\xampp\htdocs\CI4\system\Model.php(394): CodeIgniter\Database\BaseBuilder->insert()
#5 C:\xampp\htdocs\CI4\system\BaseModel.php(840): CodeIgniter\Model->doInsert(Array)
#6 C:\xampp\htdocs\CI4\system\Model.php(802): CodeIgniter\BaseModel->insert(Array, false)
#7 C:\xampp\htdocs\CI4\system\BaseModel.php(751): CodeIgniter\Model->insert(Array, false)
#8 C:\xampp\htdocs\CI4\app\Controllers\Api\UserController.php(36): CodeIgniter\BaseModel->save(Array)
#9 C:\xampp\htdocs\CI4\system\CodeIgniter.php(933): App\Controllers\Api\UserController->createUser()
#10 C:\xampp\htdocs\CI4\system\CodeIgniter.php(509): CodeIgniter\CodeIgniter->runController(Object(App\Controllers\Api\UserController))
#11 C:\xampp\htdocs\CI4\system\CodeIgniter.php(355): CodeIgniter\CodeIgniter->handleRequest(NULL, Object(Config\Cache), false)
#12 C:\xampp\htdocs\CI4\system\Boot.php(325): CodeIgniter\CodeIgniter->run()
#13 C:\xampp\htdocs\CI4\system\Boot.php(67): CodeIgniter\Boot::runCodeIgniter(Object(CodeIgniter\CodeIgniter))
#14 C:\xampp\htdocs\CI4\public\index.php(56): CodeIgniter\Boot::bootWeb(Object(Config\Paths))
#15 {main}
CRITICAL - 2024-12-05 08:00:12 --> CodeIgniter\Database\Exceptions\DatabaseException: Unknown column 'created_at' in 'field list'
[Method: POST, Route: api/user/create]
in SYSTEMPATH\Database\BaseConnection.php on line 688.
 1 SYSTEMPATH\Database\BaseBuilder.php(2340): CodeIgniter\Database\BaseConnection->query('INSERT INTO `coconut_user` (`name`, `email`, `user_type`, `saldo`, `password`, `created_at`, `updated_at`) VALUES (:name:, :email:, :user_type:, :saldo:, :password:, :created_at:, :updated_at:)', [...], false)
 2 SYSTEMPATH\Model.php(394): CodeIgniter\Database\BaseBuilder->insert()
 3 SYSTEMPATH\BaseModel.php(840): CodeIgniter\Model->doInsert([...])
 4 SYSTEMPATH\Model.php(802): CodeIgniter\BaseModel->insert([...], false)
 5 SYSTEMPATH\BaseModel.php(751): CodeIgniter\Model->insert([...], false)
 6 APPPATH\Controllers\Api\UserController.php(36): CodeIgniter\BaseModel->save([...])
 7 SYSTEMPATH\CodeIgniter.php(933): App\Controllers\Api\UserController->createUser()
 8 SYSTEMPATH\CodeIgniter.php(509): CodeIgniter\CodeIgniter->runController(Object(App\Controllers\Api\UserController))
 9 SYSTEMPATH\CodeIgniter.php(355): CodeIgniter\CodeIgniter->handleRequest(null, Object(Config\Cache), false)
10 SYSTEMPATH\Boot.php(325): CodeIgniter\CodeIgniter->run()
11 SYSTEMPATH\Boot.php(67): CodeIgniter\Boot::runCodeIgniter(Object(CodeIgniter\CodeIgniter))
12 FCPATH\index.php(56): CodeIgniter\Boot::bootWeb(Object(Config\Paths))
CRITICAL - 2024-12-05 08:00:12 --> [Caused by] CodeIgniter\Database\Exceptions\DatabaseException: Unknown column 'created_at' in 'field list'
in SYSTEMPATH\Database\MySQLi\Connection.php on line 317.
 1 SYSTEMPATH\Database\BaseConnection.php(734): CodeIgniter\Database\MySQLi\Connection->execute('INSERT INTO `coconut_user` (`name`, `email`, `user_type`, `saldo`, `password`, `created_at`, `updated_at`) VALUES (\'user2\', \'user2@gmail.com\', \'2\', \'500000000\', \'$2y$10$PQudYfSsQuc/qQknaZ892uvnrcp9GZfPKns1Yz1nqCYmz70uKRBP6\', \'2024-12-05 08:00:12\', \'2024-12-05 08:00:12\')')
 2 SYSTEMPATH\Database\BaseConnection.php(648): CodeIgniter\Database\BaseConnection->simpleQuery('INSERT INTO `coconut_user` (`name`, `email`, `user_type`, `saldo`, `password`, `created_at`, `updated_at`) VALUES (\'user2\', \'user2@gmail.com\', \'2\', \'500000000\', \'$2y$10$PQudYfSsQuc/qQknaZ892uvnrcp9GZfPKns1Yz1nqCYmz70uKRBP6\', \'2024-12-05 08:00:12\', \'2024-12-05 08:00:12\')')
 3 SYSTEMPATH\Database\BaseBuilder.php(2340): CodeIgniter\Database\BaseConnection->query('INSERT INTO `coconut_user` (`name`, `email`, `user_type`, `saldo`, `password`, `created_at`, `updated_at`) VALUES (:name:, :email:, :user_type:, :saldo:, :password:, :created_at:, :updated_at:)', [...], false)
 4 SYSTEMPATH\Model.php(394): CodeIgniter\Database\BaseBuilder->insert()
 5 SYSTEMPATH\BaseModel.php(840): CodeIgniter\Model->doInsert([...])
 6 SYSTEMPATH\Model.php(802): CodeIgniter\BaseModel->insert([...], false)
 7 SYSTEMPATH\BaseModel.php(751): CodeIgniter\Model->insert([...], false)
 8 APPPATH\Controllers\Api\UserController.php(36): CodeIgniter\BaseModel->save([...])
 9 SYSTEMPATH\CodeIgniter.php(933): App\Controllers\Api\UserController->createUser()
10 SYSTEMPATH\CodeIgniter.php(509): CodeIgniter\CodeIgniter->runController(Object(App\Controllers\Api\UserController))
11 SYSTEMPATH\CodeIgniter.php(355): CodeIgniter\CodeIgniter->handleRequest(null, Object(Config\Cache), false)
12 SYSTEMPATH\Boot.php(325): CodeIgniter\CodeIgniter->run()
13 SYSTEMPATH\Boot.php(67): CodeIgniter\Boot::runCodeIgniter(Object(CodeIgniter\CodeIgniter))
14 FCPATH\index.php(56): CodeIgniter\Boot::bootWeb(Object(Config\Paths))
CRITICAL - 2024-12-05 08:00:12 --> [Caused by] mysqli_sql_exception: Unknown column 'created_at' in 'field list'
in SYSTEMPATH\Database\MySQLi\Connection.php on line 312.
 1 SYSTEMPATH\Database\MySQLi\Connection.php(312): mysqli->query('INSERT INTO `coconut_user` (`name`, `email`, `user_type`, `saldo`, `password`, `created_at`, `updated_at`) VALUES (\'user2\', \'user2@gmail.com\', \'2\', \'500000000\', \'$2y$10$PQudYfSsQuc/qQknaZ892uvnrcp9GZfPKns1Yz1nqCYmz70uKRBP6\', \'2024-12-05 08:00:12\', \'2024-12-05 08:00:12\')', 0)
 2 SYSTEMPATH\Database\BaseConnection.php(734): CodeIgniter\Database\MySQLi\Connection->execute('INSERT INTO `coconut_user` (`name`, `email`, `user_type`, `saldo`, `password`, `created_at`, `updated_at`) VALUES (\'user2\', \'user2@gmail.com\', \'2\', \'500000000\', \'$2y$10$PQudYfSsQuc/qQknaZ892uvnrcp9GZfPKns1Yz1nqCYmz70uKRBP6\', \'2024-12-05 08:00:12\', \'2024-12-05 08:00:12\')')
 3 SYSTEMPATH\Database\BaseConnection.php(648): CodeIgniter\Database\BaseConnection->simpleQuery('INSERT INTO `coconut_user` (`name`, `email`, `user_type`, `saldo`, `password`, `created_at`, `updated_at`) VALUES (\'user2\', \'user2@gmail.com\', \'2\', \'500000000\', \'$2y$10$PQudYfSsQuc/qQknaZ892uvnrcp9GZfPKns1Yz1nqCYmz70uKRBP6\', \'2024-12-05 08:00:12\', \'2024-12-05 08:00:12\')')
 4 SYSTEMPATH\Database\BaseBuilder.php(2340): CodeIgniter\Database\BaseConnection->query('INSERT INTO `coconut_user` (`name`, `email`, `user_type`, `saldo`, `password`, `created_at`, `updated_at`) VALUES (:name:, :email:, :user_type:, :saldo:, :password:, :created_at:, :updated_at:)', [...], false)
 5 SYSTEMPATH\Model.php(394): CodeIgniter\Database\BaseBuilder->insert()
 6 SYSTEMPATH\BaseModel.php(840): CodeIgniter\Model->doInsert([...])
 7 SYSTEMPATH\Model.php(802): CodeIgniter\BaseModel->insert([...], false)
 8 SYSTEMPATH\BaseModel.php(751): CodeIgniter\Model->insert([...], false)
 9 APPPATH\Controllers\Api\UserController.php(36): CodeIgniter\BaseModel->save([...])
10 SYSTEMPATH\CodeIgniter.php(933): App\Controllers\Api\UserController->createUser()
11 SYSTEMPATH\CodeIgniter.php(509): CodeIgniter\CodeIgniter->runController(Object(App\Controllers\Api\UserController))
12 SYSTEMPATH\CodeIgniter.php(355): CodeIgniter\CodeIgniter->handleRequest(null, Object(Config\Cache), false)
13 SYSTEMPATH\Boot.php(325): CodeIgniter\CodeIgniter->run()
14 SYSTEMPATH\Boot.php(67): CodeIgniter\Boot::runCodeIgniter(Object(CodeIgniter\CodeIgniter))
15 FCPATH\index.php(56): CodeIgniter\Boot::bootWeb(Object(Config\Paths))
